d:\users\ttthu\onedrive\documents\repository\github\th_kythuatlaptrinh\dequi\dequi\x64\debug\vc143.pdb
d:\users\ttthu\onedrive\documents\repository\github\th_kythuatlaptrinh\dequi\dequi\x64\debug\vc143.idb
d:\users\ttthu\onedrive\documents\repository\github\th_kythuatlaptrinh\dequi\dequi\x64\debug\thaphanoi.obj
d:\users\ttthu\onedrive\documents\repository\github\th_kythuatlaptrinh\dequi\dequi\x64\debug\bt8_9.obj
d:\users\ttthu\onedrive\documents\repository\github\th_kythuatlaptrinh\dequi\dequi\x64\debug\bt7.obj
d:\users\ttthu\onedrive\documents\repository\github\th_kythuatlaptrinh\dequi\dequi\x64\debug\bt6.obj
d:\users\ttthu\onedrive\documents\repository\github\th_kythuatlaptrinh\dequi\dequi\x64\debug\bt4.obj
d:\users\ttthu\onedrive\documents\repository\github\th_kythuatlaptrinh\dequi\dequi\x64\debug\bt3.obj
d:\users\ttthu\onedrive\documents\repository\github\th_kythuatlaptrinh\dequi\dequi\x64\debug\bt2.obj
d:\users\ttthu\onedrive\documents\repository\github\th_kythuatlaptrinh\dequi\dequi\x64\debug\bt13.obj
d:\users\ttthu\onedrive\documents\repository\github\th_kythuatlaptrinh\dequi\dequi\x64\debug\bt11_12.obj
d:\users\ttthu\onedrive\documents\repository\github\th_kythuatlaptrinh\dequi\dequi\x64\debug\bt10.obj
d:\users\ttthu\onedrive\documents\repository\github\th_kythuatlaptrinh\dequi\dequi\x64\debug\bt1.obj
d:\users\ttthu\onedrive\documents\repository\github\th_kythuatlaptrinh\dequi\x64\debug\dequi.exe
d:\users\ttthu\onedrive\documents\repository\github\th_kythuatlaptrinh\dequi\dequi\x64\debug\dequi.ilk
d:\users\ttthu\onedrive\documents\repository\github\th_kythuatlaptrinh\dequi\x64\debug\dequi.pdb
d:\users\ttthu\onedrive\documents\repository\github\th_kythuatlaptrinh\dequi\dequi\x64\debug\dequi.tlog\cl.command.1.tlog
d:\users\ttthu\onedrive\documents\repository\github\th_kythuatlaptrinh\dequi\dequi\x64\debug\dequi.tlog\cl.read.1.tlog
d:\users\ttthu\onedrive\documents\repository\github\th_kythuatlaptrinh\dequi\dequi\x64\debug\dequi.tlog\cl.write.1.tlog
d:\users\ttthu\onedrive\documents\repository\github\th_kythuatlaptrinh\dequi\dequi\x64\debug\dequi.tlog\link.command.1.tlog
d:\users\ttthu\onedrive\documents\repository\github\th_kythuatlaptrinh\dequi\dequi\x64\debug\dequi.tlog\link.read.1.tlog
d:\users\ttthu\onedrive\documents\repository\github\th_kythuatlaptrinh\dequi\dequi\x64\debug\dequi.tlog\link.write.1.tlog
