d:\users\ttthu\onedrive\documents\repository\github\th_kythuatlaptrinh\manghaichieu\manghaichieu\x64\debug\vc143.pdb
d:\users\ttthu\onedrive\documents\repository\github\th_kythuatlaptrinh\manghaichieu\manghaichieu\x64\debug\vc143.idb
d:\users\ttthu\onedrive\documents\repository\github\th_kythuatlaptrinh\manghaichieu\manghaichieu\x64\debug\thuchanh.obj
d:\users\ttthu\onedrive\documents\repository\github\th_kythuatlaptrinh\manghaichieu\manghaichieu\x64\debug\bt8.obj
d:\users\ttthu\onedrive\documents\repository\github\th_kythuatlaptrinh\manghaichieu\manghaichieu\x64\debug\bt7.obj
d:\users\ttthu\onedrive\documents\repository\github\th_kythuatlaptrinh\manghaichieu\manghaichieu\x64\debug\bt6.obj
d:\users\ttthu\onedrive\documents\repository\github\th_kythuatlaptrinh\manghaichieu\manghaichieu\x64\debug\bt5.obj
d:\users\ttthu\onedrive\documents\repository\github\th_kythuatlaptrinh\manghaichieu\manghaichieu\x64\debug\bt4.obj
d:\users\ttthu\onedrive\documents\repository\github\th_kythuatlaptrinh\manghaichieu\manghaichieu\x64\debug\bt3.obj
d:\users\ttthu\onedrive\documents\repository\github\th_kythuatlaptrinh\manghaichieu\manghaichieu\x64\debug\bt2.obj
d:\users\ttthu\onedrive\documents\repository\github\th_kythuatlaptrinh\manghaichieu\manghaichieu\x64\debug\bt11.obj
d:\users\ttthu\onedrive\documents\repository\github\th_kythuatlaptrinh\manghaichieu\manghaichieu\x64\debug\bt10.obj
d:\users\ttthu\onedrive\documents\repository\github\th_kythuatlaptrinh\manghaichieu\manghaichieu\x64\debug\bt1.obj
d:\users\ttthu\onedrive\documents\repository\github\th_kythuatlaptrinh\manghaichieu\manghaichieu\x64\debug\bt.obj
d:\users\ttthu\onedrive\documents\repository\github\th_kythuatlaptrinh\manghaichieu\manghaichieu\x64\debug\manghaichieu.ilk
d:\users\ttthu\onedrive\documents\repository\github\th_kythuatlaptrinh\manghaichieu\x64\debug\manghaichieu.exe
d:\users\ttthu\onedrive\documents\repository\github\th_kythuatlaptrinh\manghaichieu\x64\debug\manghaichieu.pdb
d:\users\ttthu\onedrive\documents\repository\github\th_kythuatlaptrinh\manghaichieu\manghaichieu\x64\debug\manghaichieu.tlog\cl.command.1.tlog
d:\users\ttthu\onedrive\documents\repository\github\th_kythuatlaptrinh\manghaichieu\manghaichieu\x64\debug\manghaichieu.tlog\cl.read.1.tlog
d:\users\ttthu\onedrive\documents\repository\github\th_kythuatlaptrinh\manghaichieu\manghaichieu\x64\debug\manghaichieu.tlog\cl.write.1.tlog
d:\users\ttthu\onedrive\documents\repository\github\th_kythuatlaptrinh\manghaichieu\manghaichieu\x64\debug\manghaichieu.tlog\link.command.1.tlog
d:\users\ttthu\onedrive\documents\repository\github\th_kythuatlaptrinh\manghaichieu\manghaichieu\x64\debug\manghaichieu.tlog\link.read.1.tlog
d:\users\ttthu\onedrive\documents\repository\github\th_kythuatlaptrinh\manghaichieu\manghaichieu\x64\debug\manghaichieu.tlog\link.write.1.tlog
