d:\users\ttthu\onedrive\documents\repository\github\getting-started-c\pointer\pointer\x64\debug\vc143.pdb
d:\users\ttthu\onedrive\documents\repository\github\getting-started-c\pointer\pointer\x64\debug\vc143.idb
d:\users\ttthu\onedrive\documents\repository\github\getting-started-c\pointer\pointer\x64\debug\bt1.nativecodeanalysis.sarif
d:\users\ttthu\onedrive\documents\repository\github\getting-started-c\pointer\pointer\x64\debug\bt1.nativecodeanalysis.xml
d:\users\ttthu\onedrive\documents\repository\github\getting-started-c\pointer\pointer\x64\debug\bt10.nativecodeanalysis.sarif
d:\users\ttthu\onedrive\documents\repository\github\getting-started-c\pointer\pointer\x64\debug\bt10.nativecodeanalysis.xml
d:\users\ttthu\onedrive\documents\repository\github\getting-started-c\pointer\pointer\x64\debug\bt2.nativecodeanalysis.sarif
d:\users\ttthu\onedrive\documents\repository\github\getting-started-c\pointer\pointer\x64\debug\bt2.nativecodeanalysis.xml
d:\users\ttthu\onedrive\documents\repository\github\getting-started-c\pointer\pointer\x64\debug\bt3.nativecodeanalysis.sarif
d:\users\ttthu\onedrive\documents\repository\github\getting-started-c\pointer\pointer\x64\debug\bt3.nativecodeanalysis.xml
d:\users\ttthu\onedrive\documents\repository\github\getting-started-c\pointer\pointer\x64\debug\bt4.nativecodeanalysis.sarif
d:\users\ttthu\onedrive\documents\repository\github\getting-started-c\pointer\pointer\x64\debug\bt4.nativecodeanalysis.xml
d:\users\ttthu\onedrive\documents\repository\github\getting-started-c\pointer\pointer\x64\debug\bt6.nativecodeanalysis.sarif
d:\users\ttthu\onedrive\documents\repository\github\getting-started-c\pointer\pointer\x64\debug\bt6.nativecodeanalysis.xml
d:\users\ttthu\onedrive\documents\repository\github\getting-started-c\pointer\pointer\x64\debug\bt7.nativecodeanalysis.sarif
d:\users\ttthu\onedrive\documents\repository\github\getting-started-c\pointer\pointer\x64\debug\bt7.nativecodeanalysis.xml
d:\users\ttthu\onedrive\documents\repository\github\getting-started-c\pointer\pointer\x64\debug\bt8.nativecodeanalysis.sarif
d:\users\ttthu\onedrive\documents\repository\github\getting-started-c\pointer\pointer\x64\debug\bt8.nativecodeanalysis.xml
d:\users\ttthu\onedrive\documents\repository\github\getting-started-c\pointer\pointer\x64\debug\bt9.nativecodeanalysis.sarif
d:\users\ttthu\onedrive\documents\repository\github\getting-started-c\pointer\pointer\x64\debug\bt9.nativecodeanalysis.xml
d:\users\ttthu\onedrive\documents\repository\github\getting-started-c\pointer\pointer\x64\debug\bt9.obj
d:\users\ttthu\onedrive\documents\repository\github\getting-started-c\pointer\pointer\x64\debug\bt8.obj
d:\users\ttthu\onedrive\documents\repository\github\getting-started-c\pointer\pointer\x64\debug\bt7.obj
d:\users\ttthu\onedrive\documents\repository\github\getting-started-c\pointer\pointer\x64\debug\bt6.obj
d:\users\ttthu\onedrive\documents\repository\github\getting-started-c\pointer\pointer\x64\debug\bt4.obj
d:\users\ttthu\onedrive\documents\repository\github\getting-started-c\pointer\pointer\x64\debug\bt3.obj
d:\users\ttthu\onedrive\documents\repository\github\getting-started-c\pointer\pointer\x64\debug\bt2.obj
d:\users\ttthu\onedrive\documents\repository\github\getting-started-c\pointer\pointer\x64\debug\bt10.obj
d:\users\ttthu\onedrive\documents\repository\github\getting-started-c\pointer\pointer\x64\debug\bt1.obj
d:\users\ttthu\onedrive\documents\repository\github\getting-started-c\pointer\pointer\x64\debug\pointer.ilk
d:\users\ttthu\onedrive\documents\repository\github\getting-started-c\pointer\x64\debug\pointer.exe
d:\users\ttthu\onedrive\documents\repository\github\getting-started-c\pointer\x64\debug\pointer.pdb
d:\users\ttthu\onedrive\documents\repository\github\getting-started-c\pointer\pointer\x64\debug\vc.nativecodeanalysis.all.xml
d:\users\ttthu\onedrive\documents\repository\github\getting-started-c\pointer\pointer\x64\debug\pointer.tlog\cl.command.1.tlog
d:\users\ttthu\onedrive\documents\repository\github\getting-started-c\pointer\pointer\x64\debug\pointer.tlog\cl.read.1.tlog
d:\users\ttthu\onedrive\documents\repository\github\getting-started-c\pointer\pointer\x64\debug\pointer.tlog\cl.write.1.tlog
d:\users\ttthu\onedrive\documents\repository\github\getting-started-c\pointer\pointer\x64\debug\pointer.tlog\link.command.1.tlog
d:\users\ttthu\onedrive\documents\repository\github\getting-started-c\pointer\pointer\x64\debug\pointer.tlog\link.read.1.tlog
d:\users\ttthu\onedrive\documents\repository\github\getting-started-c\pointer\pointer\x64\debug\pointer.tlog\link.write.1.tlog
